C51 COMPILER V9.60.0.0   LED_LIGHT                                                         06/18/2022 16:25:13 PAGE 1   


C51 COMPILER V9.60.0.0, COMPILATION OF MODULE LED_LIGHT
OBJECT MODULE PLACED IN .\Objects\led light.obj
COMPILER INVOKED BY: C:\Program Files\Keil_v5\C51\BIN\C51.EXE led light.c OPTIMIZE(8,SPEED) BROWSE DEBUG OBJECTEXTEND PR
                    -INT(.\Listings\led light.lst) TABS(2) OBJECT(.\Objects\led light.obj)

line level    source

   1          # include "reg52.h"
   2          sbit led0 = P2^0;
   3          sbit led1 = P2^1;
   4          sbit led2 = P2^2;
   5          sbit led3 = P2^3;
   6          sbit led4 = P2^4;
   7          sbit led5 = P2^5;
   8          sbit led6 = P2^6;
   9          sbit led7 = P2^7;
  10          void main()
  11          {
  12   1          while (1)
  13   1          {
  14   2            led0 = 0;
  15   2            led1 = 0;
  16   2            led2 = 0;
  17   2            led3 = 0;
  18   2            led4 = 0;
  19   2            led5 = 0;
  20   2            led6 = 0;
  21   2            led7 = 0;
  22   2      
  23   2          }
  24   1      }


MODULE INFORMATION:   STATIC OVERLAYABLE
   CODE SIZE        =     18    ----
   CONSTANT SIZE    =   ----    ----
   XDATA SIZE       =   ----    ----
   PDATA SIZE       =   ----    ----
   DATA SIZE        =   ----    ----
   IDATA SIZE       =   ----    ----
   BIT SIZE         =   ----    ----
END OF MODULE INFORMATION.


C51 COMPILATION COMPLETE.  0 WARNING(S),  0 ERROR(S)
